actionid: py35
msg: getenv
cmdargs: ['/home/hjfreyer/misc/bitcoin/airgap/.tox/py35/bin/pip', 'install', 'pytest', 'typing', 'parameterized', 'hypothesis']

Collecting pytest
  Using cached pytest-3.4.0-py2.py3-none-any.whl
Collecting typing
  Using cached typing-3.6.4-py3-none-any.whl
Collecting parameterized
  Using cached parameterized-0.6.1-py2.py3-none-any.whl
Collecting hypothesis
  Using cached hypothesis-3.44.24.tar.gz
Requirement already satisfied: setuptools in ./.tox/py35/lib/python3.5/site-packages (from pytest)
Collecting py>=1.5.0 (from pytest)
  Using cached py-1.5.2-py2.py3-none-any.whl
Collecting pluggy<0.7,>=0.5 (from pytest)
Collecting six>=1.10.0 (from pytest)
  Using cached six-1.11.0-py2.py3-none-any.whl
Collecting attrs>=17.2.0 (from pytest)
  Using cached attrs-17.4.0-py2.py3-none-any.whl
Collecting coverage (from hypothesis)
  Downloading coverage-4.5-cp35-cp35m-manylinux1_x86_64.whl (202kB)
Building wheels for collected packages: hypothesis
  Running setup.py bdist_wheel for hypothesis: started
  Running setup.py bdist_wheel for hypothesis: finished with status 'done'
  Stored in directory: /home/hjfreyer/.cache/pip/wheels/04/28/02/8f26fc01385526bfa302da5dce74f1f581f8eebb63543f80ce
Successfully built hypothesis
Installing collected packages: py, pluggy, six, attrs, pytest, typing, parameterized, coverage, hypothesis
Successfully installed attrs-17.4.0 coverage-4.5 hypothesis-3.44.24 parameterized-0.6.1 pluggy-0.6.0 py-1.5.2 pytest-3.4.0 six-1.11.0 typing-3.6.4
