actionid: py27
msg: getenv
cmdargs: ['/home/hjfreyer/misc/bitcoin/airgap/.tox/py27/bin/pip', 'install', 'pytest', 'typing', 'parameterized', 'hypothesis']

Collecting pytest
  Using cached pytest-3.4.0-py2.py3-none-any.whl
Collecting typing
  Downloading typing-3.6.4-py2-none-any.whl
Collecting parameterized
  Using cached parameterized-0.6.1-py2.py3-none-any.whl
Collecting hypothesis
  Downloading hypothesis-3.44.24.tar.gz (145kB)
Collecting py>=1.5.0 (from pytest)
  Using cached py-1.5.2-py2.py3-none-any.whl
Collecting pluggy<0.7,>=0.5 (from pytest)
Collecting six>=1.10.0 (from pytest)
  Using cached six-1.11.0-py2.py3-none-any.whl
Requirement already satisfied: setuptools in ./.tox/py27/lib/python2.7/site-packages (from pytest)
Collecting attrs>=17.2.0 (from pytest)
  Using cached attrs-17.4.0-py2.py3-none-any.whl
Collecting funcsigs; python_version < "3.0" (from pytest)
  Using cached funcsigs-1.0.2-py2.py3-none-any.whl
Collecting coverage (from hypothesis)
  Downloading coverage-4.5-cp27-cp27mu-manylinux1_x86_64.whl (199kB)
Collecting enum34 (from hypothesis)
  Using cached enum34-1.1.6-py2-none-any.whl
Building wheels for collected packages: hypothesis
  Running setup.py bdist_wheel for hypothesis: started
  Running setup.py bdist_wheel for hypothesis: finished with status 'done'
  Stored in directory: /home/hjfreyer/.cache/pip/wheels/04/28/02/8f26fc01385526bfa302da5dce74f1f581f8eebb63543f80ce
Successfully built hypothesis
Installing collected packages: py, pluggy, six, attrs, funcsigs, pytest, typing, parameterized, coverage, enum34, hypothesis
Successfully installed attrs-17.4.0 coverage-4.5 enum34-1.1.6 funcsigs-1.0.2 hypothesis-3.44.24 parameterized-0.6.1 pluggy-0.6.0 py-1.5.2 pytest-3.4.0 six-1.11.0 typing-3.6.4
